2023-12-01T05:58:47+00:00 CRITICAL Uncaught Error: Call to a member function is_registration_enabled() on null in /shared/httpd/hoku-site/htdocs/wp-content/themes/customTheme/page-templates/checkout.php:34
Stack trace:
#0 /shared/httpd/hoku-site/htdocs/wp-includes/template-loader.php(106): include()
#1 /shared/httpd/hoku-site/htdocs/wp-blog-header.php(19): require_once('/shared/httpd/h...')
#2 /shared/httpd/hoku-site/htdocs/index.php(17): require('/shared/httpd/h...')
#3 {main}
  thrown in /shared/httpd/hoku-site/htdocs/wp-content/themes/customTheme/page-templates/checkout.php on line 34

2023-12-01T05:59:00+00:00 CRITICAL Uncaught Error: Call to a member function is_registration_enabled() on null in /shared/httpd/hoku-site/htdocs/wp-content/themes/customTheme/page-templates/checkout.php:34
Stack trace:
#0 /shared/httpd/hoku-site/htdocs/wp-includes/template-loader.php(106): include()
#1 /shared/httpd/hoku-site/htdocs/wp-blog-header.php(19): require_once('/shared/httpd/h...')
#2 /shared/httpd/hoku-site/htdocs/index.php(17): require('/shared/httpd/h...')
#3 {main}
  thrown in /shared/httpd/hoku-site/htdocs/wp-content/themes/customTheme/page-templates/checkout.php on line 34

2023-12-01T06:03:54+00:00 CRITICAL Uncaught Error: Call to a member function is_registration_enabled() on null in /shared/httpd/hoku-site/htdocs/wp-content/themes/customTheme/woocommerce/checkout/form-checkout.php:25
Stack trace:
#0 /shared/httpd/hoku-site/htdocs/wp-content/plugins/woocommerce/includes/wc-core-functions.php(345): include()
#1 /shared/httpd/hoku-site/htdocs/wp-content/themes/customTheme/page-templates/checkout.php(10): wc_get_template('../woocommerce/...')
#2 /shared/httpd/hoku-site/htdocs/wp-includes/template-loader.php(106): include('/shared/httpd/h...')
#3 /shared/httpd/hoku-site/htdocs/wp-blog-header.php(19): require_once('/shared/httpd/h...')
#4 /shared/httpd/hoku-site/htdocs/index.php(17): require('/shared/httpd/h...')
#5 {main}
  thrown in /shared/httpd/hoku-site/htdocs/wp-content/themes/customTheme/woocommerce/checkout/form-checkout.php on line 25

2023-12-01T06:03:56+00:00 CRITICAL Uncaught Error: Call to a member function is_registration_enabled() on null in /shared/httpd/hoku-site/htdocs/wp-content/themes/customTheme/woocommerce/checkout/form-checkout.php:25
Stack trace:
#0 /shared/httpd/hoku-site/htdocs/wp-content/plugins/woocommerce/includes/wc-core-functions.php(345): include()
#1 /shared/httpd/hoku-site/htdocs/wp-content/themes/customTheme/page-templates/checkout.php(10): wc_get_template('../woocommerce/...')
#2 /shared/httpd/hoku-site/htdocs/wp-includes/template-loader.php(106): include('/shared/httpd/h...')
#3 /shared/httpd/hoku-site/htdocs/wp-blog-header.php(19): require_once('/shared/httpd/h...')
#4 /shared/httpd/hoku-site/htdocs/index.php(17): require('/shared/httpd/h...')
#5 {main}
  thrown in /shared/httpd/hoku-site/htdocs/wp-content/themes/customTheme/woocommerce/checkout/form-checkout.php on line 25

2023-12-01T06:04:09+00:00 CRITICAL Uncaught Error: Call to a member function is_registration_enabled() on null in /shared/httpd/hoku-site/htdocs/wp-content/themes/customTheme/woocommerce/checkout/form-checkout.php:25
Stack trace:
#0 /shared/httpd/hoku-site/htdocs/wp-content/plugins/woocommerce/includes/wc-core-functions.php(345): include()
#1 /shared/httpd/hoku-site/htdocs/wp-content/themes/customTheme/page-templates/checkout.php(10): wc_get_template('../woocommerce/...')
#2 /shared/httpd/hoku-site/htdocs/wp-includes/template-loader.php(106): include('/shared/httpd/h...')
#3 /shared/httpd/hoku-site/htdocs/wp-blog-header.php(19): require_once('/shared/httpd/h...')
#4 /shared/httpd/hoku-site/htdocs/index.php(17): require('/shared/httpd/h...')
#5 {main}
  thrown in /shared/httpd/hoku-site/htdocs/wp-content/themes/customTheme/woocommerce/checkout/form-checkout.php on line 25

2023-12-01T06:04:13+00:00 CRITICAL Uncaught Error: Call to a member function is_registration_enabled() on null in /shared/httpd/hoku-site/htdocs/wp-content/themes/customTheme/woocommerce/checkout/form-checkout.php:25
Stack trace:
#0 /shared/httpd/hoku-site/htdocs/wp-content/plugins/woocommerce/includes/wc-core-functions.php(345): include()
#1 /shared/httpd/hoku-site/htdocs/wp-content/themes/customTheme/page-templates/checkout.php(10): wc_get_template('../woocommerce/...')
#2 /shared/httpd/hoku-site/htdocs/wp-includes/template-loader.php(106): include('/shared/httpd/h...')
#3 /shared/httpd/hoku-site/htdocs/wp-blog-header.php(19): require_once('/shared/httpd/h...')
#4 /shared/httpd/hoku-site/htdocs/index.php(17): require('/shared/httpd/h...')
#5 {main}
  thrown in /shared/httpd/hoku-site/htdocs/wp-content/themes/customTheme/woocommerce/checkout/form-checkout.php on line 25

2023-12-01T06:04:17+00:00 CRITICAL Uncaught Error: Call to a member function is_registration_enabled() on null in /shared/httpd/hoku-site/htdocs/wp-content/themes/customTheme/woocommerce/checkout/form-checkout.php:25
Stack trace:
#0 /shared/httpd/hoku-site/htdocs/wp-content/plugins/woocommerce/includes/wc-core-functions.php(345): include()
#1 /shared/httpd/hoku-site/htdocs/wp-content/themes/customTheme/page-templates/checkout.php(10): wc_get_template('../woocommerce/...')
#2 /shared/httpd/hoku-site/htdocs/wp-includes/template-loader.php(106): include('/shared/httpd/h...')
#3 /shared/httpd/hoku-site/htdocs/wp-blog-header.php(19): require_once('/shared/httpd/h...')
#4 /shared/httpd/hoku-site/htdocs/index.php(17): require('/shared/httpd/h...')
#5 {main}
  thrown in /shared/httpd/hoku-site/htdocs/wp-content/themes/customTheme/woocommerce/checkout/form-checkout.php on line 25

2023-12-01T06:04:51+00:00 CRITICAL Uncaught Error: Call to a member function get_checkout_fields() on null in /shared/httpd/hoku-site/htdocs/wp-content/themes/customTheme/woocommerce/checkout/form-shipping.php:36
Stack trace:
#0 /shared/httpd/hoku-site/htdocs/wp-content/plugins/woocommerce/includes/wc-core-functions.php(345): include()
#1 /shared/httpd/hoku-site/htdocs/wp-content/themes/customTheme/page-templates/checkout.php(10): wc_get_template('../woocommerce/...')
#2 /shared/httpd/hoku-site/htdocs/wp-includes/template-loader.php(106): include('/shared/httpd/h...')
#3 /shared/httpd/hoku-site/htdocs/wp-blog-header.php(19): require_once('/shared/httpd/h...')
#4 /shared/httpd/hoku-site/htdocs/index.php(17): require('/shared/httpd/h...')
#5 {main}
  thrown in /shared/httpd/hoku-site/htdocs/wp-content/themes/customTheme/woocommerce/checkout/form-shipping.php on line 36

2023-12-01T06:17:04+00:00 CRITICAL Uncaught Error: Call to a member function get_checkout_fields() on null in /shared/httpd/hoku-site/htdocs/wp-content/themes/customTheme/page-templates/checkout.php:45
Stack trace:
#0 /shared/httpd/hoku-site/htdocs/wp-includes/template-loader.php(106): include()
#1 /shared/httpd/hoku-site/htdocs/wp-blog-header.php(19): require_once('/shared/httpd/h...')
#2 /shared/httpd/hoku-site/htdocs/index.php(17): require('/shared/httpd/h...')
#3 {main}
  thrown in /shared/httpd/hoku-site/htdocs/wp-content/themes/customTheme/page-templates/checkout.php on line 45

2023-12-01T06:18:33+00:00 CRITICAL Uncaught Error: Call to a member function get_checkout_fields() on null in /shared/httpd/hoku-site/htdocs/wp-content/themes/customTheme/page-templates/checkout.php:47
Stack trace:
#0 /shared/httpd/hoku-site/htdocs/wp-includes/template-loader.php(106): include()
#1 /shared/httpd/hoku-site/htdocs/wp-blog-header.php(19): require_once('/shared/httpd/h...')
#2 /shared/httpd/hoku-site/htdocs/index.php(17): require('/shared/httpd/h...')
#3 {main}
  thrown in /shared/httpd/hoku-site/htdocs/wp-content/themes/customTheme/page-templates/checkout.php on line 47

