2023-12-02T00:09:28+00:00 CRITICAL Unmatched '}' in /shared/httpd/hoku-site/htdocs/wp-content/themes/customTheme/library/woocommerce.php on line 8

2023-12-02T00:09:28+00:00 CRITICAL Unmatched '}' in /shared/httpd/hoku-site/htdocs/wp-content/themes/customTheme/library/woocommerce.php on line 8

2023-12-02T00:51:56+00:00 CRITICAL Uncaught TypeError: call_user_func_array(): Argument #1 ($callback) must be a valid callback, function "misha_email_first" not found or invalid function name in /shared/httpd/hoku-site/htdocs/wp-includes/class-wp-hook.php:324
Stack trace:
#0 /shared/httpd/hoku-site/htdocs/wp-includes/plugin.php(205): WP_Hook->apply_filters(Array, Array)
#1 /shared/httpd/hoku-site/htdocs/wp-content/plugins/woocommerce/includes/class-wc-checkout.php(300): apply_filters('woocommerce_che...', Array)
#2 /shared/httpd/hoku-site/htdocs/wp-content/themes/customTheme/page-templates/checkout.php(49): WC_Checkout->get_checkout_fields()
#3 /shared/httpd/hoku-site/htdocs/wp-includes/template-loader.php(106): include('/shared/httpd/h...')
#4 /shared/httpd/hoku-site/htdocs/wp-blog-header.php(19): require_once('/shared/httpd/h...')
#5 /shared/httpd/hoku-site/htdocs/index.php(17): require('/shared/httpd/h...')
#6 {main}
  thrown in /shared/httpd/hoku-site/htdocs/wp-includes/class-wp-hook.php on line 324

2023-12-02T02:32:07+00:00 CRITICAL Uncaught Error: Undefined constant "MailPoetClassInstance" in /shared/httpd/hoku-site/htdocs/wp-content/themes/customTheme/library/woocommerce.php:33
Stack trace:
#0 /shared/httpd/hoku-site/htdocs/wp-content/themes/customTheme/functions.php(28): require_once()
#1 /shared/httpd/hoku-site/htdocs/wp-settings.php(611): include('/shared/httpd/h...')
#2 /shared/httpd/hoku-site/htdocs/wp-config.php(96): require_once('/shared/httpd/h...')
#3 /shared/httpd/hoku-site/htdocs/wp-load.php(50): require_once('/shared/httpd/h...')
#4 /shared/httpd/hoku-site/htdocs/wp-blog-header.php(13): require_once('/shared/httpd/h...')
#5 /shared/httpd/hoku-site/htdocs/index.php(17): require('/shared/httpd/h...')
#6 {main}
  thrown in /shared/httpd/hoku-site/htdocs/wp-content/themes/customTheme/library/woocommerce.php on line 33

2023-12-02T02:32:07+00:00 CRITICAL Uncaught Error: Undefined constant "MailPoetClassInstance" in /shared/httpd/hoku-site/htdocs/wp-content/themes/customTheme/library/woocommerce.php:33
Stack trace:
#0 /shared/httpd/hoku-site/htdocs/wp-content/themes/customTheme/functions.php(28): require_once()
#1 /shared/httpd/hoku-site/htdocs/wp-settings.php(611): include('/shared/httpd/h...')
#2 /shared/httpd/hoku-site/htdocs/wp-config.php(96): require_once('/shared/httpd/h...')
#3 /shared/httpd/hoku-site/htdocs/wp-load.php(50): require_once('/shared/httpd/h...')
#4 /shared/httpd/hoku-site/htdocs/wp-blog-header.php(13): require_once('/shared/httpd/h...')
#5 /shared/httpd/hoku-site/htdocs/index.php(17): require('/shared/httpd/h...')
#6 {main}
  thrown in /shared/httpd/hoku-site/htdocs/wp-content/themes/customTheme/library/woocommerce.php on line 33

2023-12-02T02:40:27+00:00 CRITICAL Uncaught TypeError: call_user_func_array(): Argument #1 ($callback) must be a valid callback, class "mailpoet_woocommerce_checkout_optin" not found in /shared/httpd/hoku-site/htdocs/wp-includes/class-wp-hook.php:324
Stack trace:
#0 /shared/httpd/hoku-site/htdocs/wp-includes/class-wp-hook.php(348): WP_Hook->apply_filters('', Array)
#1 /shared/httpd/hoku-site/htdocs/wp-includes/plugin.php(517): WP_Hook->do_action(Array)
#2 /shared/httpd/hoku-site/htdocs/wp-content/themes/customTheme/woocommerce/checkout/form-billing.php(45): do_action('woocommerce_aft...', Object(WC_Checkout))
#3 /shared/httpd/hoku-site/htdocs/wp-content/plugins/woocommerce/includes/wc-core-functions.php(345): include('/shared/httpd/h...')
#4 /shared/httpd/hoku-site/htdocs/wp-content/plugins/woocommerce/includes/class-wc-checkout.php(335): wc_get_template('checkout/form-b...', Array)
#5 /shared/httpd/hoku-site/htdocs/wp-includes/class-wp-hook.php(324): WC_Checkout->checkout_form_billing('')
#6 /shared/httpd/hoku-site/htdocs/wp-includes/class-wp-hook.php(348): WP_Hook->apply_filters('', Array)
#7 /shared/httpd/hoku-site/htdocs/wp-includes/plugin.php(517): WP_Hook->do_action(Array)
#8 /shared/httpd/hoku-site/htdocs/wp-content/themes/customTheme/page-templates/checkout.php(55): do_action('woocommerce_che...')
#9 /shared/httpd/hoku-site/htdocs/wp-includes/template-loader.php(106): include('/shared/httpd/h...')
#10 /shared/httpd/hoku-site/htdocs/wp-blog-header.php(19): require_once('/shared/httpd/h...')
#11 /shared/httpd/hoku-site/htdocs/index.php(17): require('/shared/httpd/h...')
#12 {main}
  thrown in /shared/httpd/hoku-site/htdocs/wp-includes/class-wp-hook.php on line 324

2023-12-02T06:32:49+00:00 CRITICAL syntax error, unexpected token "<" in /shared/httpd/hoku-site/htdocs/wp-content/themes/customTheme/woocommerce/checkout/form-billing.php on line 70

