<<<<<<< HEAD
2023-11-30T08:13:43+00:00 CRITICAL Uncaught Error: Call to a member function get_item_count() on bool in /var/www/html/wp-content/themes/customTheme/page-templates/view-order.php:11
Stack trace:
#0 /var/www/html/wp-includes/template-loader.php(106): include()
#1 /var/www/html/wp-blog-header.php(19): require_once('/var/www/html/w...')
#2 /var/www/html/index.php(17): require('/var/www/html/w...')
#3 {main}
  thrown in /var/www/html/wp-content/themes/customTheme/page-templates/view-order.php on line 11
=======
2023-11-30T09:17:17+00:00 CRITICAL syntax error, unexpected token "." in /shared/httpd/hoku-site/htdocs/wp-content/themes/customTheme/library/shortcodes.php on line 175

2023-11-30T09:17:17+00:00 CRITICAL syntax error, unexpected token "." in /shared/httpd/hoku-site/htdocs/wp-content/themes/customTheme/library/shortcodes.php on line 175
>>>>>>> dc351f8887149c45dd914d56a8f4d9a5e1ba5f28

2023-11-30T10:29:13+00:00 CRITICAL Uncaught TypeError: Cannot access offset of type string on string in /shared/httpd/hoku-site/htdocs/wp-content/themes/customTheme/page-templates/contact.php:19
Stack trace:
#0 /shared/httpd/hoku-site/htdocs/wp-includes/template-loader.php(106): include()
#1 /shared/httpd/hoku-site/htdocs/wp-blog-header.php(19): require_once('/shared/httpd/h...')
#2 /shared/httpd/hoku-site/htdocs/index.php(17): require('/shared/httpd/h...')
#3 {main}
  thrown in /shared/httpd/hoku-site/htdocs/wp-content/themes/customTheme/page-templates/contact.php on line 19

2023-11-30T10:29:40+00:00 CRITICAL Uncaught TypeError: Cannot access offset of type string on string in /shared/httpd/hoku-site/htdocs/wp-content/themes/customTheme/page-templates/contact.php:19
Stack trace:
#0 /shared/httpd/hoku-site/htdocs/wp-includes/template-loader.php(106): include()
#1 /shared/httpd/hoku-site/htdocs/wp-blog-header.php(19): require_once('/shared/httpd/h...')
#2 /shared/httpd/hoku-site/htdocs/index.php(17): require('/shared/httpd/h...')
#3 {main}
  thrown in /shared/httpd/hoku-site/htdocs/wp-content/themes/customTheme/page-templates/contact.php on line 19

2023-11-30T10:30:20+00:00 CRITICAL Uncaught TypeError: Cannot access offset of type string on string in /shared/httpd/hoku-site/htdocs/wp-content/themes/customTheme/page-templates/contact.php:19
Stack trace:
#0 /shared/httpd/hoku-site/htdocs/wp-includes/template-loader.php(106): include()
#1 /shared/httpd/hoku-site/htdocs/wp-blog-header.php(19): require_once('/shared/httpd/h...')
#2 /shared/httpd/hoku-site/htdocs/index.php(17): require('/shared/httpd/h...')
#3 {main}
  thrown in /shared/httpd/hoku-site/htdocs/wp-content/themes/customTheme/page-templates/contact.php on line 19

