2023-12-03T06:52:50+00:00 CRITICAL Uncaught ArgumentCountError: Too few arguments to function wp_kses(), 1 passed in /var/www/html/wp-content/themes/customTheme/page-templates/view-order.php on line 30 and at least 2 expected in /var/www/html/wp-includes/kses.php:747
Stack trace:
#0 /var/www/html/wp-content/themes/customTheme/page-templates/view-order.php(30): wp_kses('Hola %1$s (\xC2\xBFNo...')
#1 /var/www/html/wp-includes/template-loader.php(106): include('/var/www/html/w...')
#2 /var/www/html/wp-blog-header.php(19): require_once('/var/www/html/w...')
#3 /var/www/html/index.php(17): require('/var/www/html/w...')
#4 {main}
  thrown in /var/www/html/wp-includes/kses.php on line 747

2023-12-03T08:07:35+00:00 CRITICAL Uncaught Error: Call to undefined method WC_Order_Item_Product::get_formatted_order_subtotal() in /var/www/html/wp-content/themes/customTheme/page-templates/view-order.php:55
Stack trace:
#0 /var/www/html/wp-includes/template-loader.php(106): include()
#1 /var/www/html/wp-blog-header.php(19): require_once('/var/www/html/w...')
#2 /var/www/html/index.php(17): require('/var/www/html/w...')
#3 {main}
  thrown in /var/www/html/wp-content/themes/customTheme/page-templates/view-order.php on line 55

2023-12-03T08:09:06+00:00 CRITICAL Uncaught Error: Call to undefined method WC_Order_Item_Product::subtotal() in /var/www/html/wp-content/themes/customTheme/page-templates/view-order.php:55
Stack trace:
#0 /var/www/html/wp-includes/template-loader.php(106): include()
#1 /var/www/html/wp-blog-header.php(19): require_once('/var/www/html/w...')
#2 /var/www/html/index.php(17): require('/var/www/html/w...')
#3 {main}
  thrown in /var/www/html/wp-content/themes/customTheme/page-templates/view-order.php on line 55

2023-12-03T08:10:21+00:00 CRITICAL Uncaught Error: Call to undefined method WC_Order_Item_Product::total() in /var/www/html/wp-content/themes/customTheme/page-templates/view-order.php:57
Stack trace:
#0 /var/www/html/wp-includes/template-loader.php(106): include()
#1 /var/www/html/wp-blog-header.php(19): require_once('/var/www/html/w...')
#2 /var/www/html/index.php(17): require('/var/www/html/w...')
#3 {main}
  thrown in /var/www/html/wp-content/themes/customTheme/page-templates/view-order.php on line 57

2023-12-03T08:18:54+00:00 CRITICAL Uncaught Error: Call to undefined method Automattic\WooCommerce\Admin\Overrides\Order::get_billing() in /var/www/html/wp-content/themes/customTheme/page-templates/view-order.php:11
Stack trace:
#0 /var/www/html/wp-includes/template-loader.php(106): include()
#1 /var/www/html/wp-blog-header.php(19): require_once('/var/www/html/w...')
#2 /var/www/html/index.php(17): require('/var/www/html/w...')
#3 {main}
  thrown in /var/www/html/wp-content/themes/customTheme/page-templates/view-order.php on line 11

2023-12-03T08:40:04+00:00 CRITICAL Uncaught ValueError: Path cannot be empty in /var/www/html/wp-content/plugins/woocommerce/includes/wc-template-functions.php:53
Stack trace:
#0 /var/www/html/wp-includes/class-wp-hook.php(324): wc_template_redirect('')
#1 /var/www/html/wp-includes/class-wp-hook.php(348): WP_Hook->apply_filters(NULL, Array)
#2 /var/www/html/wp-includes/plugin.php(517): WP_Hook->do_action(Array)
#3 /var/www/html/wp-includes/template-loader.php(13): do_action('template_redire...')
#4 /var/www/html/wp-blog-header.php(19): require_once('/var/www/html/w...')
#5 /var/www/html/index.php(17): require('/var/www/html/w...')
#6 {main}
  thrown in /var/www/html/wp-content/plugins/woocommerce/includes/wc-template-functions.php on line 53

2023-12-03T09:06:01+00:00 CRITICAL Uncaught ValueError: Path cannot be empty in /var/www/html/wp-content/plugins/woocommerce/includes/wc-template-functions.php:53
Stack trace:
#0 /var/www/html/wp-includes/class-wp-hook.php(324): wc_template_redirect('')
#1 /var/www/html/wp-includes/class-wp-hook.php(348): WP_Hook->apply_filters(NULL, Array)
#2 /var/www/html/wp-includes/plugin.php(517): WP_Hook->do_action(Array)
#3 /var/www/html/wp-includes/template-loader.php(13): do_action('template_redire...')
#4 /var/www/html/wp-blog-header.php(19): require_once('/var/www/html/w...')
#5 /var/www/html/index.php(17): require('/var/www/html/w...')
#6 {main}
  thrown in /var/www/html/wp-content/plugins/woocommerce/includes/wc-template-functions.php on line 53

2023-12-03T09:06:16+00:00 CRITICAL Uncaught ValueError: Path cannot be empty in /var/www/html/wp-content/plugins/woocommerce/includes/wc-template-functions.php:53
Stack trace:
#0 /var/www/html/wp-includes/class-wp-hook.php(324): wc_template_redirect('')
#1 /var/www/html/wp-includes/class-wp-hook.php(348): WP_Hook->apply_filters(NULL, Array)
#2 /var/www/html/wp-includes/plugin.php(517): WP_Hook->do_action(Array)
#3 /var/www/html/wp-includes/template-loader.php(13): do_action('template_redire...')
#4 /var/www/html/wp-blog-header.php(19): require_once('/var/www/html/w...')
#5 /var/www/html/index.php(17): require('/var/www/html/w...')
#6 {main}
  thrown in /var/www/html/wp-content/plugins/woocommerce/includes/wc-template-functions.php on line 53

